<?xml version="1.0" encoding="UTF-8"?>
<!-- Generated by org.testng.reporters.JUnitXMLReporter -->
<testsuite ignored="0" hostname="Chiranjeevis-MacBook-Pro.local" failures="0" tests="3" name="Surefire test" time="28.49" errors="0" timestamp="2024-11-24T01:20:21 GMT">
  <testcase classname="testCases.TC01_AccRegisterTest" name="verify_account_registration" time="0.652"/>
  <testcase classname="testCases.TC03_LoginValidationTest" name="validLogin" time="1.51"/>
  <testcase classname="testCases.TC02_LoginTest" name="verify_login" time="0.43"/>
</testsuite> <!-- Surefire test -->
