<?xml version="1.0" encoding="UTF-8"?>
<!-- Generated by org.testng.reporters.JUnitXMLReporter -->
<testsuite ignored="1" hostname="Chiranjeevis-MacBook-Pro.local" failures="0" tests="2" name="Actual" time="18.238" errors="0" timestamp="2024-11-24T00:50:07 GMT">
  <testcase classname="testCases.TC01_AccRegisterTest" name="verify_account_registration" time="0.558"/>
  <testcase classname="testCases.TC03_LoginValidationTest" name="validLogin" time="1.778"/>
  <testcase classname="testCases.TC02_LoginTest" name="verify_login" time="0.0">
    <ignored/>
  </testcase> <!-- verify_login -->
</testsuite> <!-- Actual -->
