<?xml version="1.0" encoding="UTF-8"?>
<!-- Generated by org.testng.reporters.JUnitXMLReporter -->
<testsuite ignored="1" hostname="Chiranjeevis-MacBook-Pro.local" failures="0" tests="2" name="Test" time="12.454" errors="0" timestamp="2024-11-22T10:18:05 GMT">
  <testcase classname="testCases.TC02_LoginTest" name="verify_login" time="0.446"/>
  <testcase classname="testCases.TC01_AccRegisterTest" name="verify_account_registration" time="0.55"/>
  <testcase classname="testBase.BaseClass" name="@AfterTest tearDown" time="0.0">
    <ignored/>
  </testcase> <!-- @AfterTest tearDown -->
</testsuite> <!-- Test -->
