<?xml version="1.0" encoding="UTF-8"?>
<testng-results ignored="0" total="3" passed="3" failed="0" skipped="0">
  <reporter-output>
  </reporter-output>
  <suite started-at="2024-11-24T01:19:53 GMT" name="Surefire suite" finished-at="2024-11-24T01:20:21 GMT" duration-ms="28490">
    <groups>
      <group name="Master">
        <method signature="TC01_AccRegisterTest.verify_account_registration()[pri:0, instance:testCases.TC01_AccRegisterTest@1a0dcaa]" name="verify_account_registration" class="testCases.TC01_AccRegisterTest"/>
      </group> <!-- Master -->
      <group name="Sanity">
        <method signature="TC01_AccRegisterTest.verify_account_registration()[pri:0, instance:testCases.TC01_AccRegisterTest@1a0dcaa]" name="verify_account_registration" class="testCases.TC01_AccRegisterTest"/>
        <method signature="TC02_LoginTest.verify_login()[pri:0, instance:testCases.TC02_LoginTest@7a52f2a2]" name="verify_login" class="testCases.TC02_LoginTest"/>
      </group> <!-- Sanity -->
      <group name="Regression">
        <method signature="TC03_LoginValidationTest.validLogin()[pri:0, instance:testCases.TC03_LoginValidationTest@69930714]" name="validLogin" class="testCases.TC03_LoginValidationTest"/>
      </group> <!-- Regression -->
    </groups>
    <test started-at="2024-11-24T01:19:53 GMT" name="Surefire test" finished-at="2024-11-24T01:20:21 GMT" duration-ms="28490">
      <class name="testCases.TC03_LoginValidationTest">
        <test-method is-config="true" signature="setUp(java.lang.String)[pri:0, instance:testCases.TC03_LoginValidationTest@69930714]" started-at="2024-11-24T01:20:02 GMT" name="setUp" finished-at="2024-11-24T01:20:06 GMT" duration-ms="3481" status="PASS">
          <params>
            <param index="0">
              <value>
                <![CDATA[chrome]]>
              </value>
            </param>
          </params>
          <reporter-output>
          </reporter-output>
        </test-method> <!-- setUp -->
        <test-method signature="validLogin()[pri:0, instance:testCases.TC03_LoginValidationTest@69930714]" started-at="2024-11-24T01:20:06 GMT" name="validLogin" finished-at="2024-11-24T01:20:07 GMT" duration-ms="1510" status="PASS">
          <reporter-output>
          </reporter-output>
        </test-method> <!-- validLogin -->
        <test-method is-config="true" signature="tearDown()[pri:0, instance:testCases.TC03_LoginValidationTest@69930714]" started-at="2024-11-24T01:20:07 GMT" name="tearDown" finished-at="2024-11-24T01:20:12 GMT" duration-ms="5131" status="PASS">
          <reporter-output>
          </reporter-output>
        </test-method> <!-- tearDown -->
      </class> <!-- testCases.TC03_LoginValidationTest -->
      <class name="testCases.TC01_AccRegisterTest">
        <test-method is-config="true" signature="setUp(java.lang.String)[pri:0, instance:testCases.TC01_AccRegisterTest@1a0dcaa]" started-at="2024-11-24T01:19:53 GMT" name="setUp" finished-at="2024-11-24T01:19:57 GMT" duration-ms="3756" status="PASS">
          <params>
            <param index="0">
              <value>
                <![CDATA[chrome]]>
              </value>
            </param>
          </params>
          <reporter-output>
          </reporter-output>
        </test-method> <!-- setUp -->
        <test-method signature="verify_account_registration()[pri:0, instance:testCases.TC01_AccRegisterTest@1a0dcaa]" started-at="2024-11-24T01:19:57 GMT" name="verify_account_registration" finished-at="2024-11-24T01:19:57 GMT" duration-ms="652" status="PASS">
          <reporter-output>
          </reporter-output>
        </test-method> <!-- verify_account_registration -->
        <test-method is-config="true" signature="tearDown()[pri:0, instance:testCases.TC01_AccRegisterTest@1a0dcaa]" started-at="2024-11-24T01:19:57 GMT" name="tearDown" finished-at="2024-11-24T01:20:02 GMT" duration-ms="5133" status="PASS">
          <reporter-output>
          </reporter-output>
        </test-method> <!-- tearDown -->
      </class> <!-- testCases.TC01_AccRegisterTest -->
      <class name="testCases.TC02_LoginTest">
        <test-method is-config="true" signature="setUp(java.lang.String)[pri:0, instance:testCases.TC02_LoginTest@7a52f2a2]" started-at="2024-11-24T01:20:12 GMT" name="setUp" finished-at="2024-11-24T01:20:16 GMT" duration-ms="3250" status="PASS">
          <params>
            <param index="0">
              <value>
                <![CDATA[chrome]]>
              </value>
            </param>
          </params>
          <reporter-output>
          </reporter-output>
        </test-method> <!-- setUp -->
        <test-method signature="verify_login()[pri:0, instance:testCases.TC02_LoginTest@7a52f2a2]" started-at="2024-11-24T01:20:16 GMT" name="verify_login" finished-at="2024-11-24T01:20:16 GMT" duration-ms="430" status="PASS">
          <reporter-output>
          </reporter-output>
        </test-method> <!-- verify_login -->
        <test-method is-config="true" signature="tearDown()[pri:0, instance:testCases.TC02_LoginTest@7a52f2a2]" started-at="2024-11-24T01:20:16 GMT" name="tearDown" finished-at="2024-11-24T01:20:21 GMT" duration-ms="5128" status="PASS">
          <reporter-output>
          </reporter-output>
        </test-method> <!-- tearDown -->
      </class> <!-- testCases.TC02_LoginTest -->
    </test> <!-- Surefire test -->
  </suite> <!-- Surefire suite -->
</testng-results>
